<?xml version="1.0" encoding="UTF-8"?>
<!-- Generated by org.testng.reporters.JUnitReportReporter -->
<testsuite hostname="DESKTOP-V82BEDM" failures="0" tests="1" name="testngPackage.TestngClass" time="0.012" errors="0" timestamp="21 Apr 2024 07:38:23 GMT" skipped="0">
  <testcase classname="testngPackage.TestngClass" name="testRun" time="0.012"/>
</testsuite> <!-- testngPackage.TestngClass -->
