<?xml version="1.0" encoding="UTF-8"?>
<!-- Generated by org.testng.reporters.JUnitReportReporter -->
<testsuite hostname="DESKTOP-V82BEDM" failures="0" tests="1" name="loginTestCases.CorrectPassword" time="12.618" errors="0" timestamp="2024-05-02T20:46:34 IST" skipped="0">
  <testcase classname="loginTestCases.CorrectPassword" name="loginWithCorrectPassword" time="12.618"/>
  <system-out/>
</testsuite> <!-- loginTestCases.CorrectPassword -->
