<?xml version="1.0" encoding="UTF-8"?>
<!-- Generated by org.testng.reporters.JUnitReportReporter -->
<testsuite hostname="DESKTOP-V82BEDM" failures="0" tests="4" name="loginTestCases.Login" time="20.772" errors="0" timestamp="2024-05-03T08:03:36 IST" skipped="0">
  <testcase classname="loginTestCases.Login" name="loginWithBothCorrect" time="14.852"/>
  <system-out/>
  <testcase classname="loginTestCases.Login" name="loginWithBothCorrect" time="2.380"/>
  <system-out/>
  <testcase classname="loginTestCases.Login" name="loginWithBothCorrect" time="2.272"/>
  <system-out/>
  <testcase classname="loginTestCases.Login" name="loginWithBothCorrect" time="1.268"/>
  <system-out/>
</testsuite> <!-- loginTestCases.Login -->
