<?xml version="1.0" encoding="UTF-8"?>
<!-- Generated by org.testng.reporters.JUnitReportReporter -->
<testsuite hostname="DESKTOP-V82BEDM" failures="0" tests="1" name="loginTestCases.BothInCorrect" time="12.783" errors="0" timestamp="2024-05-02T20:46:34 IST" skipped="0">
  <testcase classname="loginTestCases.BothInCorrect" name="loginWithBothInCorrect" time="12.783"/>
  <system-out/>
</testsuite> <!-- loginTestCases.BothInCorrect -->
